[DEBUG] 2022-03-09 14:46:03.283 [main] LandingPage - Click in the login Button
[DEBUG] 2022-03-09 14:46:03.756 [main] LoginPage - Typing the username: danielfell400 in the input username
[DEBUG] 2022-03-09 14:46:03.853 [main] LoginPage - Typing the password: hola123 in the input password
[DEBUG] 2022-03-09 14:46:03.935 [main] LoginPage - Click in the login button
[DEBUG] 2022-03-09 15:33:04.470 [main] LandingPage - Click in the login Button
[DEBUG] 2022-03-09 15:33:04.912 [main] LoginPage - Typing the username: danielfell400 in the input username
[DEBUG] 2022-03-09 15:33:04.982 [main] LoginPage - Typing the password: hola123 in the input password
[DEBUG] 2022-03-09 15:33:05.086 [main] LoginPage - Click in the login button
[DEBUG] 2022-03-09 15:33:37.021 [main] LandingPage - Click in the login Button
[DEBUG] 2022-03-09 15:33:37.483 [main] LoginPage - Typing the username: axaxaxaxax in the input username
[DEBUG] 2022-03-09 15:33:37.588 [main] LoginPage - Typing the password: axaxaxax in the input password
[DEBUG] 2022-03-09 15:33:37.716 [main] LoginPage - Click in the login button
[INFO ] 2022-03-09 15:33:38.153 [main] LoginPage - Getting the error status modal and verifying
[DEBUG] 2022-03-09 15:33:43.088 [main] LandingPage - Typing the movie: fight club in the search input
[DEBUG] 2022-03-09 15:33:43.226 [main] LandingPage - Click in search btn
[INFO ] 2022-03-09 15:33:48.643 [main] LandingPage - Load Movies page
[DEBUG] 2022-03-09 15:33:48.654 [main] LandingPage - hover Action above the drop drown
[DEBUG] 2022-03-09 15:33:50.048 [main] LandingPage - Click in top rated movies
[DEBUG] 2022-03-09 15:33:56.099 [main] LandingPage - Click in the login Button
[DEBUG] 2022-03-09 15:33:56.653 [main] LoginPage - Typing the username: danielfell400 in the input username
[DEBUG] 2022-03-09 15:33:56.741 [main] LoginPage - Typing the password: hola123 in the input password
[DEBUG] 2022-03-09 15:33:56.852 [main] LoginPage - Click in the login button
[DEBUG] 2022-03-09 15:34:02.959 [main] LandingPage - Typing the movie: fight club in the search input
[DEBUG] 2022-03-09 15:34:03.109 [main] LandingPage - Click in search btn
[INFO ] 2022-03-09 15:34:11.140 [main] LandingPage - Load Movies page
[DEBUG] 2022-03-09 15:34:11.140 [main] LandingPage - hover Action above the drop drown
[DEBUG] 2022-03-09 15:34:13.260 [main] LandingPage - Click in top rated movies
[DEBUG] 2022-03-09 15:41:28.411 [main] LandingPage - Click in the login Button
[DEBUG] 2022-03-09 15:41:28.865 [main] LoginPage - Typing the username: axaxaxaxax in the input username
[DEBUG] 2022-03-09 15:41:28.963 [main] LoginPage - Typing the password: axaxaxax in the input password
[DEBUG] 2022-03-09 15:41:29.064 [main] LoginPage - Click in the login button
[INFO ] 2022-03-09 15:41:29.483 [main] LoginPage - Getting the error status modal and verifying
[DEBUG] 2022-03-09 15:41:33.329 [main] LandingPage - Typing the movie: fight club in the search input
[DEBUG] 2022-03-09 15:41:33.477 [main] LandingPage - Click in search btn
[INFO ] 2022-03-09 15:41:38.414 [main] LandingPage - Load Movies page
[DEBUG] 2022-03-09 15:41:38.423 [main] LandingPage - hover Action above the drop drown
[DEBUG] 2022-03-09 15:41:39.653 [main] LandingPage - Click in top rated movies
[DEBUG] 2022-03-09 15:41:44.589 [main] LandingPage - Click in the login Button
[DEBUG] 2022-03-09 15:41:45.045 [main] LoginPage - Typing the username: danielfell400 in the input username
[DEBUG] 2022-03-09 15:41:45.116 [main] LoginPage - Typing the password: hola123 in the input password
[DEBUG] 2022-03-09 15:41:45.196 [main] LoginPage - Click in the login button
[DEBUG] 2022-03-09 15:41:50.068 [main] LandingPage - Typing the movie: fight club in the search input
[DEBUG] 2022-03-09 15:41:50.207 [main] LandingPage - Click in search btn
[INFO ] 2022-03-09 15:41:57.417 [main] LandingPage - Load Movies page
[DEBUG] 2022-03-09 15:41:57.417 [main] LandingPage - hover Action above the drop drown
[DEBUG] 2022-03-09 15:41:58.859 [main] LandingPage - Click in top rated movies
[DEBUG] 2022-03-09 15:43:03.542 [main] LandingPage - Click in the login Button
[DEBUG] 2022-03-09 15:43:04.054 [main] LoginPage - Typing the username: axaxaxaxax in the input username
[DEBUG] 2022-03-09 15:43:04.131 [main] LoginPage - Typing the password: axaxaxax in the input password
[DEBUG] 2022-03-09 15:43:04.209 [main] LoginPage - Click in the login button
[INFO ] 2022-03-09 15:43:04.810 [main] LoginPage - Getting the error status modal and verifying
[DEBUG] 2022-03-09 15:43:08.512 [main] LandingPage - Typing the movie: fight club in the search input
[DEBUG] 2022-03-09 15:43:08.692 [main] LandingPage - Click in search btn
[INFO ] 2022-03-09 15:43:14.176 [main] LandingPage - Load Movies page
[DEBUG] 2022-03-09 15:43:14.194 [main] LandingPage - hover Action above the drop drown
[DEBUG] 2022-03-09 15:43:15.800 [main] LandingPage - Click in top rated movies
[DEBUG] 2022-03-09 15:43:21.911 [main] LandingPage - Click in the login Button
[DEBUG] 2022-03-09 15:43:22.514 [main] LoginPage - Typing the username: danielfell400 in the input username
[DEBUG] 2022-03-09 15:43:22.628 [main] LoginPage - Typing the password: hola123 in the input password
[DEBUG] 2022-03-09 15:43:22.726 [main] LoginPage - Click in the login button
[DEBUG] 2022-03-09 15:43:28.202 [main] LandingPage - Typing the movie: fight club in the search input
[DEBUG] 2022-03-09 15:43:28.357 [main] LandingPage - Click in search btn
[INFO ] 2022-03-09 15:43:36.062 [main] LandingPage - Load Movies page
[DEBUG] 2022-03-09 15:43:36.063 [main] LandingPage - hover Action above the drop drown
[DEBUG] 2022-03-09 15:43:37.644 [main] LandingPage - Click in top rated movies
[DEBUG] 2022-03-09 15:46:04.216 [main] LandingPage - Click in the login Button
[DEBUG] 2022-03-09 15:46:04.611 [main] LoginPage - Typing the username: danielfell400 in the input username
[DEBUG] 2022-03-09 15:46:04.690 [main] LoginPage - Typing the password: hola123 in the input password
[DEBUG] 2022-03-09 15:46:04.758 [main] LoginPage - Click in the login button
[DEBUG] 2022-03-09 15:47:02.440 [main] LandingPage - Click in the login Button
[DEBUG] 2022-03-09 15:47:02.920 [main] LoginPage - Typing the username: axaxaxaxax in the input username
[DEBUG] 2022-03-09 15:47:02.992 [main] LoginPage - Typing the password: axaxaxax in the input password
[DEBUG] 2022-03-09 15:47:03.086 [main] LoginPage - Click in the login button
[INFO ] 2022-03-09 15:47:03.558 [main] LoginPage - Getting the error status modal and verifying
[DEBUG] 2022-03-09 15:47:08.629 [main] LandingPage - Typing the movie: fight club in the search input
[DEBUG] 2022-03-09 15:47:08.794 [main] LandingPage - Click in search btn
[INFO ] 2022-03-09 15:47:14.435 [main] LandingPage - Load Movies page
[DEBUG] 2022-03-09 15:47:14.443 [main] LandingPage - hover Action above the drop drown
[DEBUG] 2022-03-09 15:47:15.721 [main] LandingPage - Click in top rated movies
[DEBUG] 2022-03-09 15:47:21.666 [main] LandingPage - Click in the login Button
[DEBUG] 2022-03-09 15:47:22.604 [main] LoginPage - Typing the username: danielfell400 in the input username
[DEBUG] 2022-03-09 15:47:22.721 [main] LoginPage - Typing the password: hola123 in the input password
[DEBUG] 2022-03-09 15:47:22.816 [main] LoginPage - Click in the login button
[DEBUG] 2022-03-09 15:47:28.408 [main] LandingPage - Typing the movie: fight club in the search input
[DEBUG] 2022-03-09 15:47:28.562 [main] LandingPage - Click in search btn
[INFO ] 2022-03-09 15:47:36.440 [main] LandingPage - Load Movies page
[DEBUG] 2022-03-09 15:47:36.441 [main] LandingPage - hover Action above the drop drown
[DEBUG] 2022-03-09 15:47:37.782 [main] LandingPage - Click in top rated movies
[DEBUG] 2022-03-09 15:54:28.296 [TestNG-test=test-2] LandingPage - Typing the movie: fight club in the search input
[DEBUG] 2022-03-09 15:54:28.401 [TestNG-test=test-1] LoginPage - Typing the username: axaxaxaxax in the input username
[DEBUG] 2022-03-09 15:54:28.559 [TestNG-test=test-1] LoginPage - Typing the password: axaxaxax in the input password
[DEBUG] 2022-03-09 15:58:47.088 [TestNG-test=test-1] LandingPage - Click in the login Button
[DEBUG] 2022-03-09 15:58:47.590 [TestNG-test=test-1] LoginPage - Typing the username: axaxaxaxax in the input username
[DEBUG] 2022-03-09 15:58:47.668 [TestNG-test=test-1] LoginPage - Typing the password: axaxaxax in the input password
[DEBUG] 2022-03-09 15:58:47.741 [TestNG-test=test-1] LoginPage - Click in the login button
[INFO ] 2022-03-09 15:58:48.164 [TestNG-test=test-1] LoginPage - Getting the error status modal and verifying
[DEBUG] 2022-03-09 15:58:52.711 [TestNG-test=test-1] LandingPage - Typing the movie: fight club in the search input
[DEBUG] 2022-03-09 15:58:52.908 [TestNG-test=test-1] LandingPage - Click in search btn
[INFO ] 2022-03-09 15:58:58.523 [TestNG-test=test-1] LandingPage - Load Movies page
[DEBUG] 2022-03-09 15:58:58.547 [TestNG-test=test-1] LandingPage - hover Action above the drop drown
[DEBUG] 2022-03-09 15:59:00.010 [TestNG-test=test-1] LandingPage - Click in top rated movies
[DEBUG] 2022-03-09 15:59:05.655 [TestNG-test=test-1] LandingPage - Click in the login Button
[DEBUG] 2022-03-09 15:59:06.166 [TestNG-test=test-1] LoginPage - Typing the username: danielfell400 in the input username
[DEBUG] 2022-03-09 15:59:06.276 [TestNG-test=test-1] LoginPage - Typing the password: hola123 in the input password
[DEBUG] 2022-03-09 15:59:06.355 [TestNG-test=test-1] LoginPage - Click in the login button
[DEBUG] 2022-03-09 15:59:11.413 [TestNG-test=test-1] LandingPage - Typing the movie: fight club in the search input
[DEBUG] 2022-03-09 15:59:11.539 [TestNG-test=test-1] LandingPage - Click in search btn
[INFO ] 2022-03-09 15:59:19.966 [TestNG-test=test-1] LandingPage - Load Movies page
[DEBUG] 2022-03-09 15:59:19.966 [TestNG-test=test-1] LandingPage - hover Action above the drop drown
[DEBUG] 2022-03-09 15:59:21.205 [TestNG-test=test-1] LandingPage - Click in top rated movies
[DEBUG] 2022-03-09 16:01:18.430 [TestNG-test=test-5] LandingPage - Typing the movie: fight club in the search input
[DEBUG] 2022-03-09 16:01:19.836 [TestNG-test=test-2] LandingPage - Typing the movie: fight club in the search input
[DEBUG] 2022-03-09 16:01:20.851 [TestNG-test=test-1] LoginPage - Typing the username: axaxaxaxax in the input username
[DEBUG] 2022-03-09 16:03:42.293 [TestNG-test=test-4] LandingPage - Click in the login Button
[DEBUG] 2022-03-09 16:03:42.675 [TestNG-test=test-1] LoginPage - Typing the username: axaxaxaxax in the input username
[INFO ] 2022-03-09 16:03:43.064 [TestNG-test=test-3] LandingPage - Load Movies page
[DEBUG] 2022-03-09 16:03:43.065 [TestNG-test=test-3] LandingPage - hover Action above the drop drown
[DEBUG] 2022-03-09 16:03:43.277 [TestNG-test=test-4] LoginPage - Typing the username: danielfell400 in the input username
[DEBUG] 2022-03-09 16:03:43.601 [TestNG-test=test-4] LoginPage - Typing the password: hola123 in the input password
[DEBUG] 2022-03-09 16:03:44.655 [TestNG-test=test-3] LandingPage - Click in top rated movies
[DEBUG] 2022-03-09 16:07:57.332 [main] LandingPage - Click in the login Button
[DEBUG] 2022-03-09 16:07:58.101 [main] LoginPage - Typing the username: axaxaxaxax in the input username
[DEBUG] 2022-03-09 16:07:58.206 [main] LoginPage - Typing the password: axaxaxax in the input password
[DEBUG] 2022-03-09 16:07:58.342 [main] LoginPage - Click in the login button
[INFO ] 2022-03-09 16:07:58.895 [main] LoginPage - Getting the error status modal and verifying
[DEBUG] 2022-03-09 16:07:59.387 [main] LandingPage - Typing the movie: fight club in the search input
[INFO ] 2022-03-09 16:07:59.485 [main] LandingPage - Load Movies page
[DEBUG] 2022-03-09 16:07:59.505 [main] LandingPage - hover Action above the drop drown
[DEBUG] 2022-03-09 16:08:00.928 [main] LandingPage - Click in top rated movies
[DEBUG] 2022-03-09 16:08:02.342 [main] LandingPage - Click in the login Button
[DEBUG] 2022-03-09 16:08:02.760 [main] LoginPage - Typing the username: danielfell400 in the input username
[DEBUG] 2022-03-09 16:08:02.872 [main] LoginPage - Typing the password: hola123 in the input password
[DEBUG] 2022-03-09 16:08:03.008 [main] LoginPage - Click in the login button
[DEBUG] 2022-03-09 16:08:03.994 [main] LandingPage - Typing the movie: fight club in the search input
[INFO ] 2022-03-09 16:08:04.021 [main] LandingPage - Load Movies page
[DEBUG] 2022-03-09 16:08:04.021 [main] LandingPage - hover Action above the drop drown
[DEBUG] 2022-03-09 16:08:04.931 [main] LandingPage - Click in top rated movies
[DEBUG] 2022-03-09 16:09:27.020 [TestNG-test=test-1] LoginPage - Typing the username: axaxaxaxax in the input username
[DEBUG] 2022-03-09 16:09:27.020 [TestNG-test=test-2] LandingPage - Typing the movie: fight club in the search input
[DEBUG] 2022-03-09 16:09:27.283 [TestNG-test=test-1] LoginPage - Typing the password: axaxaxax in the input password
[DEBUG] 2022-03-09 16:09:27.529 [TestNG-test=test-1] LoginPage - Click in the login button
[INFO ] 2022-03-09 16:09:27.573 [TestNG-test=test-2] LandingPage - Load Movies page
[DEBUG] 2022-03-09 16:09:27.602 [TestNG-test=test-2] LandingPage - hover Action above the drop drown
[INFO ] 2022-03-09 16:09:28.271 [TestNG-test=test-1] LoginPage - Getting the error status modal and verifying
[DEBUG] 2022-03-09 16:09:28.601 [TestNG-test=test-1] LandingPage - Click in the login Button
[DEBUG] 2022-03-09 16:09:29.707 [TestNG-test=test-2] LandingPage - Click in top rated movies
[DEBUG] 2022-03-09 16:09:30.125 [TestNG-test=test-1] LoginPage - Typing the username: danielfell400 in the input username
[DEBUG] 2022-03-09 16:09:30.151 [TestNG-test=test-2] LandingPage - Typing the movie: fight club in the search input
[INFO ] 2022-03-09 16:09:30.182 [TestNG-test=test-2] LandingPage - Load Movies page
[DEBUG] 2022-03-09 16:09:30.182 [TestNG-test=test-2] LandingPage - hover Action above the drop drown
[DEBUG] 2022-03-09 16:09:30.234 [TestNG-test=test-1] LoginPage - Typing the password: hola123 in the input password
[DEBUG] 2022-03-09 16:09:30.465 [TestNG-test=test-1] LoginPage - Click in the login button
[DEBUG] 2022-03-09 16:09:31.349 [TestNG-test=test-2] LandingPage - Click in top rated movies
[DEBUG] 2022-03-09 16:10:30.507 [TestNG-test=test-2] LandingPage - Click in search btn
[DEBUG] 2022-03-09 16:10:30.599 [TestNG-test=test-1] LandingPage - Click in the login Button
[DEBUG] 2022-03-09 16:10:31.896 [TestNG-test=test-1] LoginPage - Typing the username: axaxaxaxax in the input username
[DEBUG] 2022-03-09 16:10:32.040 [TestNG-test=test-1] LoginPage - Typing the password: axaxaxax in the input password
[DEBUG] 2022-03-09 16:12:24.457 [TestNG-tests-1] LandingPage - Click in the login Button
[DEBUG] 2022-03-09 16:12:25.375 [TestNG-tests-1] LoginPage - Typing the username: axaxaxaxax in the input username
[DEBUG] 2022-03-09 16:12:25.508 [TestNG-tests-1] LoginPage - Typing the password: axaxaxax in the input password
[DEBUG] 2022-03-09 16:12:25.659 [TestNG-tests-1] LoginPage - Click in the login button
[INFO ] 2022-03-09 16:12:26.346 [TestNG-tests-1] LoginPage - Getting the error status modal and verifying
[DEBUG] 2022-03-09 16:12:32.391 [TestNG-tests-1] LandingPage - Typing the movie: fight club in the search input
[DEBUG] 2022-03-09 16:12:32.612 [TestNG-tests-1] LandingPage - Click in search btn
[INFO ] 2022-03-09 16:12:39.368 [TestNG-tests-1] LandingPage - Load Movies page
[DEBUG] 2022-03-09 16:12:39.394 [TestNG-tests-1] LandingPage - hover Action above the drop drown
[DEBUG] 2022-03-09 16:12:41.354 [TestNG-tests-1] LandingPage - Click in top rated movies
[DEBUG] 2022-03-09 16:12:48.641 [TestNG-tests-1] LandingPage - Click in the login Button
[DEBUG] 2022-03-09 16:12:49.403 [TestNG-tests-1] LoginPage - Typing the username: danielfell400 in the input username
[DEBUG] 2022-03-09 16:12:49.520 [TestNG-tests-1] LoginPage - Typing the password: hola123 in the input password
[DEBUG] 2022-03-09 16:12:49.651 [TestNG-tests-1] LoginPage - Click in the login button
[DEBUG] 2022-03-09 16:12:56.539 [TestNG-tests-1] LandingPage - Typing the movie: fight club in the search input
[DEBUG] 2022-03-09 16:12:56.879 [TestNG-tests-1] LandingPage - Click in search btn
[INFO ] 2022-03-09 16:13:06.396 [TestNG-tests-1] LandingPage - Load Movies page
[DEBUG] 2022-03-09 16:13:06.400 [TestNG-tests-1] LandingPage - hover Action above the drop drown
[DEBUG] 2022-03-09 16:13:08.605 [TestNG-tests-1] LandingPage - Click in top rated movies
[DEBUG] 2022-03-09 16:13:55.269 [main] LandingPage - Click in the login Button
[DEBUG] 2022-03-09 16:13:55.902 [main] LoginPage - Typing the username: axaxaxaxax in the input username
[DEBUG] 2022-03-09 16:13:56.044 [main] LoginPage - Typing the password: axaxaxax in the input password
[DEBUG] 2022-03-09 16:13:56.190 [main] LoginPage - Click in the login button
[INFO ] 2022-03-09 16:13:56.595 [main] LoginPage - Getting the error status modal and verifying
[DEBUG] 2022-03-09 16:14:02.155 [main] LandingPage - Typing the movie: fight club in the search input
[DEBUG] 2022-03-09 16:14:02.375 [main] LandingPage - Click in search btn
[INFO ] 2022-03-09 16:14:08.746 [main] LandingPage - Load Movies page
[DEBUG] 2022-03-09 16:14:08.767 [main] LandingPage - hover Action above the drop drown
[DEBUG] 2022-03-09 16:14:10.546 [main] LandingPage - Click in top rated movies
[DEBUG] 2022-03-09 16:14:17.214 [main] LandingPage - Click in the login Button
[DEBUG] 2022-03-09 16:14:17.889 [main] LoginPage - Typing the username: danielfell400 in the input username
[DEBUG] 2022-03-09 16:14:18.046 [main] LoginPage - Typing the password: hola123 in the input password
[DEBUG] 2022-03-09 16:14:18.166 [main] LoginPage - Click in the login button
[DEBUG] 2022-03-09 16:14:24.433 [main] LandingPage - Typing the movie: fight club in the search input
[DEBUG] 2022-03-09 16:14:24.698 [main] LandingPage - Click in search btn
[INFO ] 2022-03-09 16:14:34.591 [main] LandingPage - Load Movies page
[DEBUG] 2022-03-09 16:14:34.591 [main] LandingPage - hover Action above the drop drown
[DEBUG] 2022-03-09 16:14:36.515 [main] LandingPage - Click in top rated movies
[DEBUG] 2022-03-09 16:16:41.987 [TestNG-tests-1] LandingPage - Click in the login Button
[DEBUG] 2022-03-09 16:16:42.608 [TestNG-tests-1] LoginPage - Typing the username: axaxaxaxax in the input username
[DEBUG] 2022-03-09 16:16:42.757 [TestNG-tests-1] LoginPage - Typing the password: axaxaxax in the input password
[DEBUG] 2022-03-09 16:16:42.874 [TestNG-tests-1] LoginPage - Click in the login button
[INFO ] 2022-03-09 16:16:43.319 [TestNG-tests-1] LoginPage - Getting the error status modal and verifying
[DEBUG] 2022-03-09 16:16:43.679 [TestNG-tests-1] LandingPage - Typing the movie: fight club in the search input
[INFO ] 2022-03-09 16:16:43.742 [TestNG-tests-1] LandingPage - Load Movies page
[DEBUG] 2022-03-09 16:16:43.755 [TestNG-tests-1] LandingPage - hover Action above the drop drown
[DEBUG] 2022-03-09 16:16:45.041 [TestNG-tests-1] LandingPage - Click in top rated movies
[DEBUG] 2022-03-09 16:16:46.362 [TestNG-tests-1] LandingPage - Click in the login Button
[DEBUG] 2022-03-09 16:16:46.739 [TestNG-tests-1] LoginPage - Typing the username: danielfell400 in the input username
[DEBUG] 2022-03-09 16:16:46.871 [TestNG-tests-1] LoginPage - Typing the password: hola123 in the input password
[DEBUG] 2022-03-09 16:16:46.960 [TestNG-tests-1] LoginPage - Click in the login button
[DEBUG] 2022-03-09 16:16:48.027 [TestNG-tests-1] LandingPage - Typing the movie: fight club in the search input
[INFO ] 2022-03-09 16:16:48.051 [TestNG-tests-1] LandingPage - Load Movies page
[DEBUG] 2022-03-09 16:16:48.052 [TestNG-tests-1] LandingPage - hover Action above the drop drown
[DEBUG] 2022-03-09 16:16:48.961 [TestNG-tests-1] LandingPage - Click in top rated movies
[DEBUG] 2022-03-09 16:18:07.123 [main] LandingPage - Click in the login Button
[DEBUG] 2022-03-09 16:18:07.824 [main] LoginPage - Typing the username: axaxaxaxax in the input username
[DEBUG] 2022-03-09 16:18:07.923 [main] LoginPage - Typing the password: axaxaxax in the input password
[DEBUG] 2022-03-09 16:18:08.031 [main] LoginPage - Click in the login button
[INFO ] 2022-03-09 16:18:08.519 [main] LoginPage - Getting the error status modal and verifying
[DEBUG] 2022-03-09 16:18:11.992 [main] LandingPage - Typing the movie: fight club in the search input
[INFO ] 2022-03-09 16:18:12.034 [main] LandingPage - Load Movies page
[DEBUG] 2022-03-09 16:18:12.047 [main] LandingPage - hover Action above the drop drown
[DEBUG] 2022-03-09 16:18:13.646 [main] LandingPage - Click in top rated movies
[DEBUG] 2022-03-09 16:18:15.257 [main] LandingPage - Click in the login Button
[DEBUG] 2022-03-09 16:18:15.640 [main] LoginPage - Typing the username: danielfell400 in the input username
[DEBUG] 2022-03-09 16:18:15.767 [main] LoginPage - Typing the password: hola123 in the input password
[DEBUG] 2022-03-09 16:18:15.876 [main] LoginPage - Click in the login button
[DEBUG] 2022-03-09 16:18:16.360 [main] LandingPage - Typing the movie: fight club in the search input
[INFO ] 2022-03-09 16:18:16.391 [main] LandingPage - Load Movies page
[DEBUG] 2022-03-09 16:18:16.391 [main] LandingPage - hover Action above the drop drown
[DEBUG] 2022-03-09 16:18:17.328 [main] LandingPage - Click in top rated movies
[DEBUG] 2022-03-09 16:19:56.978 [main] LandingPage - Click in the login Button
[DEBUG] 2022-03-09 16:19:57.558 [main] LoginPage - Typing the username: axaxaxaxax in the input username
[DEBUG] 2022-03-09 16:19:57.660 [main] LoginPage - Typing the password: axaxaxax in the input password
[DEBUG] 2022-03-09 16:19:57.770 [main] LoginPage - Click in the login button
[INFO ] 2022-03-09 16:19:58.221 [main] LoginPage - Getting the error status modal and verifying
[DEBUG] 2022-03-09 16:20:01.667 [main] LandingPage - Typing the movie: fight club in the search input
[INFO ] 2022-03-09 16:20:01.713 [main] LandingPage - Load Movies page
[DEBUG] 2022-03-09 16:20:01.734 [main] LandingPage - hover Action above the drop drown
[DEBUG] 2022-03-09 16:20:03.814 [main] LandingPage - Click in top rated movies
[DEBUG] 2022-03-09 16:20:05.384 [main] LandingPage - Click in the login Button
[DEBUG] 2022-03-09 16:20:05.850 [main] LoginPage - Typing the username: danielfell400 in the input username
[DEBUG] 2022-03-09 16:20:05.983 [main] LoginPage - Typing the password: hola123 in the input password
[DEBUG] 2022-03-09 16:20:06.109 [main] LoginPage - Click in the login button
[DEBUG] 2022-03-09 16:20:06.634 [main] LandingPage - Typing the movie: fight club in the search input
[INFO ] 2022-03-09 16:20:06.683 [main] LandingPage - Load Movies page
[DEBUG] 2022-03-09 16:20:06.683 [main] LandingPage - hover Action above the drop drown
[DEBUG] 2022-03-09 16:20:07.768 [main] LandingPage - Click in top rated movies
[DEBUG] 2022-03-09 16:21:46.483 [main] LandingPage - Click in the login Button
[DEBUG] 2022-03-09 16:21:47.061 [main] LoginPage - Typing the username: axaxaxaxax in the input username
[DEBUG] 2022-03-09 16:21:47.185 [main] LoginPage - Typing the password: axaxaxax in the input password
[DEBUG] 2022-03-09 16:21:47.327 [main] LoginPage - Click in the login button
[INFO ] 2022-03-09 16:21:47.728 [main] LoginPage - Getting the error status modal and verifying
[DEBUG] 2022-03-09 16:21:56.729 [main] LandingPage - Typing the movie: fight club in the search input
[DEBUG] 2022-03-09 16:21:56.901 [main] LandingPage - Click in search btn
[INFO ] 2022-03-09 16:22:03.543 [main] LandingPage - Load Movies page
[DEBUG] 2022-03-09 16:22:03.560 [main] LandingPage - hover Action above the drop drown
[DEBUG] 2022-03-09 16:22:05.687 [main] LandingPage - Click in top rated movies
[DEBUG] 2022-03-09 16:22:12.509 [main] LandingPage - Click in the login Button
[DEBUG] 2022-03-09 16:22:13.402 [main] LoginPage - Typing the username: danielfell400 in the input username
[DEBUG] 2022-03-09 16:22:13.525 [main] LoginPage - Typing the password: hola123 in the input password
[DEBUG] 2022-03-09 16:22:13.674 [main] LoginPage - Click in the login button
[DEBUG] 2022-03-09 16:22:19.760 [main] LandingPage - Typing the movie: fight club in the search input
[DEBUG] 2022-03-09 16:22:19.983 [main] LandingPage - Click in search btn
[INFO ] 2022-03-09 16:22:28.982 [main] LandingPage - Load Movies page
[DEBUG] 2022-03-09 16:22:28.982 [main] LandingPage - hover Action above the drop drown
[DEBUG] 2022-03-09 16:22:31.278 [main] LandingPage - Click in top rated movies
[DEBUG] 2022-03-09 17:26:11.231 [main] LandingPage - Click in the login Button
[DEBUG] 2022-03-09 17:26:11.870 [main] LoginPage - Typing the username: axaxaxaxax in the input username
[DEBUG] 2022-03-09 17:26:11.964 [main] LoginPage - Typing the password: axaxaxax in the input password
[DEBUG] 2022-03-09 17:26:12.097 [main] LoginPage - Click in the login button
[INFO ] 2022-03-09 17:26:12.578 [main] LoginPage - Getting the error status modal and verifying
[DEBUG] 2022-03-09 17:26:21.167 [main] LandingPage - Typing the movie: fight club in the search input
[DEBUG] 2022-03-09 17:26:21.313 [main] LandingPage - Click in search btn
[INFO ] 2022-03-09 17:26:30.083 [main] LandingPage - Load Movies page
[DEBUG] 2022-03-09 17:26:30.094 [main] LandingPage - hover Action above the drop drown
[DEBUG] 2022-03-09 17:26:31.406 [main] LandingPage - Click in top rated movies
[DEBUG] 2022-03-09 17:26:38.415 [main] LandingPage - Click in the login Button
[DEBUG] 2022-03-09 17:26:38.963 [main] LoginPage - Typing the username: danielfell400 in the input username
[DEBUG] 2022-03-09 17:26:39.126 [main] LoginPage - Typing the password: hola123 in the input password
[DEBUG] 2022-03-09 17:26:39.258 [main] LoginPage - Click in the login button
[DEBUG] 2022-03-09 17:26:44.811 [main] LandingPage - Typing the movie: fight club in the search input
[DEBUG] 2022-03-09 17:26:44.971 [main] LandingPage - Click in search btn
[INFO ] 2022-03-09 17:26:57.360 [main] LandingPage - Load Movies page
[DEBUG] 2022-03-09 17:26:57.361 [main] LandingPage - hover Action above the drop drown
[DEBUG] 2022-03-09 17:26:58.961 [main] LandingPage - Click in top rated movies
[DEBUG] 2022-03-09 17:27:44.923 [main] LandingPage - Click in the login Button
[DEBUG] 2022-03-09 17:27:45.670 [main] LoginPage - Typing the username: axaxaxaxax in the input username
[DEBUG] 2022-03-09 17:27:45.775 [main] LoginPage - Typing the password: axaxaxax in the input password
[DEBUG] 2022-03-09 17:27:45.878 [main] LoginPage - Click in the login button
[INFO ] 2022-03-09 17:27:46.375 [main] LoginPage - Getting the error status modal and verifying
[DEBUG] 2022-03-09 17:27:50.526 [main] LandingPage - Typing the movie: fight club in the search input
[DEBUG] 2022-03-09 17:27:50.698 [main] LandingPage - Click in search btn
[INFO ] 2022-03-09 17:27:57.460 [main] LandingPage - Load Movies page
[DEBUG] 2022-03-09 17:27:57.470 [main] LandingPage - hover Action above the drop drown
[DEBUG] 2022-03-09 17:27:58.963 [main] LandingPage - Click in top rated movies
[DEBUG] 2022-03-09 17:28:06.510 [main] LandingPage - Click in the login Button
[DEBUG] 2022-03-09 17:28:06.998 [main] LoginPage - Typing the username: danielfell400 in the input username
[DEBUG] 2022-03-09 17:28:07.112 [main] LoginPage - Typing the password: hola123 in the input password
[DEBUG] 2022-03-09 17:28:07.197 [main] LoginPage - Click in the login button
[DEBUG] 2022-03-09 17:28:14.346 [main] LandingPage - Typing the movie: fight club in the search input
[DEBUG] 2022-03-09 17:28:14.528 [main] LandingPage - Click in search btn
[INFO ] 2022-03-09 17:28:24.048 [main] LandingPage - Load Movies page
[DEBUG] 2022-03-09 17:28:24.048 [main] LandingPage - hover Action above the drop drown
[DEBUG] 2022-03-09 17:28:25.663 [main] LandingPage - Click in top rated movies
[DEBUG] 2022-03-09 17:29:08.247 [main] LandingPage - Click in the login Button
[DEBUG] 2022-03-09 17:29:08.761 [main] LoginPage - Typing the username: axaxaxaxax in the input username
[DEBUG] 2022-03-09 17:29:08.870 [main] LoginPage - Typing the password: axaxaxax in the input password
[DEBUG] 2022-03-09 17:29:09.025 [main] LoginPage - Click in the login button
[INFO ] 2022-03-09 17:29:09.634 [main] LoginPage - Getting the error status modal and verifying
[DEBUG] 2022-03-09 17:29:15.705 [main] LandingPage - Typing the movie: fight club in the search input
[DEBUG] 2022-03-09 17:29:15.873 [main] LandingPage - Click in search btn
[INFO ] 2022-03-09 17:29:21.256 [main] LandingPage - Load Movies page
[DEBUG] 2022-03-09 17:29:21.275 [main] LandingPage - hover Action above the drop drown
[DEBUG] 2022-03-09 17:29:22.667 [main] LandingPage - Click in top rated movies
[DEBUG] 2022-03-09 17:29:28.955 [main] LandingPage - Click in the login Button
[DEBUG] 2022-03-09 17:29:29.434 [main] LoginPage - Typing the username: danielfell400 in the input username
[DEBUG] 2022-03-09 17:29:29.531 [main] LoginPage - Typing the password: hola123 in the input password
[DEBUG] 2022-03-09 17:29:29.621 [main] LoginPage - Click in the login button
[DEBUG] 2022-03-09 17:29:35.105 [main] LandingPage - Typing the movie: fight club in the search input
[DEBUG] 2022-03-09 17:29:35.289 [main] LandingPage - Click in search btn
[INFO ] 2022-03-09 17:29:43.311 [main] LandingPage - Load Movies page
[DEBUG] 2022-03-09 17:29:43.311 [main] LandingPage - hover Action above the drop drown
[DEBUG] 2022-03-09 17:29:44.927 [main] LandingPage - Click in top rated movies
[DEBUG] 2022-03-09 17:38:53.627 [main] LandingPage - Click in the login Button
[DEBUG] 2022-03-09 17:38:54.164 [main] LoginPage - Typing the username: axaxaxaxax in the input username
[DEBUG] 2022-03-09 17:38:54.315 [main] LoginPage - Typing the password: axaxaxax in the input password
[DEBUG] 2022-03-09 17:38:54.443 [main] LoginPage - Click in the login button
[INFO ] 2022-03-09 17:38:55.133 [main] LoginPage - Getting the error status modal and verifying
[DEBUG] 2022-03-09 17:39:00.850 [main] LandingPage - Typing the movie: fight club in the search input
[DEBUG] 2022-03-09 17:39:00.943 [main] LandingPage - Click in search btn
[INFO ] 2022-03-09 17:39:06.521 [main] LandingPage - Load Movies page
[DEBUG] 2022-03-09 17:39:06.533 [main] LandingPage - hover Action above the drop drown
[DEBUG] 2022-03-09 17:39:08.302 [main] LandingPage - Click in top rated movies
[DEBUG] 2022-03-09 17:39:14.811 [main] LandingPage - Click in the login Button
[DEBUG] 2022-03-09 17:39:15.305 [main] LoginPage - Typing the username: danielfell400 in the input username
[DEBUG] 2022-03-09 17:39:15.391 [main] LoginPage - Typing the password: hola123 in the input password
[DEBUG] 2022-03-09 17:39:15.510 [main] LoginPage - Click in the login button
[DEBUG] 2022-03-09 17:39:22.010 [main] LandingPage - Typing the movie: fight club in the search input
[DEBUG] 2022-03-09 17:39:22.184 [main] LandingPage - Click in search btn
[INFO ] 2022-03-09 17:39:33.345 [main] LandingPage - Load Movies page
[DEBUG] 2022-03-09 17:39:33.345 [main] LandingPage - hover Action above the drop drown
[DEBUG] 2022-03-09 17:39:34.949 [main] LandingPage - Click in top rated movies
[DEBUG] 2022-03-09 17:43:14.878 [main] LandingPage - Click in the login Button
[DEBUG] 2022-03-09 17:43:15.470 [main] LoginPage - Typing the username: axaxaxaxax in the input username
[DEBUG] 2022-03-09 17:43:15.562 [main] LoginPage - Typing the password: axaxaxax in the input password
[DEBUG] 2022-03-09 17:43:15.726 [main] LoginPage - Click in the login button
[INFO ] 2022-03-09 17:43:16.332 [main] LoginPage - Getting the error status modal and verifying
[DEBUG] 2022-03-09 17:43:22.073 [main] LandingPage - Typing the movie: fight club in the search input
[DEBUG] 2022-03-09 17:43:22.325 [main] LandingPage - Click in search btn
[INFO ] 2022-03-09 17:43:27.854 [main] LandingPage - Load Movies page
[DEBUG] 2022-03-09 17:43:27.864 [main] LandingPage - hover Action above the drop drown
[DEBUG] 2022-03-09 17:43:29.619 [main] LandingPage - Click in top rated movies
[DEBUG] 2022-03-09 17:43:36.413 [main] LandingPage - Click in the login Button
[DEBUG] 2022-03-09 17:43:36.995 [main] LoginPage - Typing the username: danielfell400 in the input username
[DEBUG] 2022-03-09 17:43:37.108 [main] LoginPage - Typing the password: hola123 in the input password
[DEBUG] 2022-03-09 17:43:37.223 [main] LoginPage - Click in the login button
[DEBUG] 2022-03-09 17:43:43.037 [main] LandingPage - Typing the movie: fight club in the search input
[DEBUG] 2022-03-09 17:43:43.233 [main] LandingPage - Click in search btn
[INFO ] 2022-03-09 17:43:53.337 [main] LandingPage - Load Movies page
[DEBUG] 2022-03-09 17:43:53.338 [main] LandingPage - hover Action above the drop drown
[DEBUG] 2022-03-09 17:43:54.922 [main] LandingPage - Click in top rated movies
[DEBUG] 2022-03-09 17:44:37.874 [main] LandingPage - Click in the login Button
[DEBUG] 2022-03-09 17:44:38.498 [main] LoginPage - Typing the username: axaxaxaxax in the input username
[DEBUG] 2022-03-09 17:44:38.589 [main] LoginPage - Typing the password: axaxaxax in the input password
[DEBUG] 2022-03-09 17:44:38.756 [main] LoginPage - Click in the login button
[INFO ] 2022-03-09 17:44:39.392 [main] LoginPage - Getting the error status modal and verifying
[DEBUG] 2022-03-09 17:44:44.866 [main] LandingPage - Typing the movie: fight club in the search input
[DEBUG] 2022-03-09 17:44:45.119 [main] LandingPage - Click in search btn
[INFO ] 2022-03-09 17:44:50.858 [main] LandingPage - Load Movies page
[DEBUG] 2022-03-09 17:44:50.868 [main] LandingPage - hover Action above the drop drown
[DEBUG] 2022-03-09 17:44:52.158 [main] LandingPage - Click in top rated movies
[DEBUG] 2022-03-09 17:44:59.057 [main] LandingPage - Click in the login Button
[DEBUG] 2022-03-09 17:44:59.538 [main] LoginPage - Typing the username: danielfell400 in the input username
[DEBUG] 2022-03-09 17:44:59.686 [main] LoginPage - Typing the password: hola123 in the input password
[DEBUG] 2022-03-09 17:44:59.802 [main] LoginPage - Click in the login button
[DEBUG] 2022-03-09 17:45:05.755 [main] LandingPage - Typing the movie: fight club in the search input
[DEBUG] 2022-03-09 17:45:05.955 [main] LandingPage - Click in search btn
[INFO ] 2022-03-09 17:45:14.520 [main] LandingPage - Load Movies page
[DEBUG] 2022-03-09 17:45:14.520 [main] LandingPage - hover Action above the drop drown
[DEBUG] 2022-03-09 17:45:15.931 [main] LandingPage - Click in top rated movies
