[INFO ] 2022-03-15 23:22:18.401 [TestNG-test=test-2] LandingPage - Load Movies page
[INFO ] 2022-03-15 23:22:21.421 [TestNG-test=test-2] LogManager - Click in sort dropdown button
[INFO ] 2022-03-15 23:22:21.694 [TestNG-test=test-2] LogManager - Select the sort type: Release Date Ascending
[INFO ] 2022-03-15 23:22:21.694 [TestNG-test=test-2] LogManager - Waiting for sort list
[INFO ] 2022-03-15 23:22:21.907 [TestNG-test=test-4] MovieDetailsPage - selecting an actor of the top billed cast
[INFO ] 2022-03-15 23:22:21.976 [TestNG-test=test-2] LogManager - Click in search button
[INFO ] 2022-03-15 23:22:22.262 [TestNG-test=test-2] LogManager - waiting for the filter to apply
[INFO ] 2022-03-15 23:22:22.990 [TestNG-test=test-2] LogManager - Checking the first 4 elements ...
[INFO ] 2022-03-15 23:22:23.202 [TestNG-test=test-2] LogManager - Checking the first 4 elements ...
[INFO ] 2022-03-15 23:22:23.370 [TestNG-test=test-2] LogManager - Checking the first 4 elements ...
[INFO ] 2022-03-15 23:22:23.538 [TestNG-test=test-2] LogManager - Checking the first 4 elements ...
[INFO ] 2022-03-15 23:22:23.674 [TestNG-test=test-2] LogManager - The sort type is correct
[INFO ] 2022-03-15 23:22:25.120 [TestNG-test=test-4] ActorPage - successful verify
[INFO ] 2022-03-15 23:22:27.847 [TestNG-test=test-1] LandingPage - Load Movies page
[INFO ] 2022-03-15 23:22:29.963 [TestNG-test=test-1] LogManager - Click in dropdown filter
[INFO ] 2022-03-15 23:22:30.139 [TestNG-test=test-1] LogManager - Click Action filter button
[INFO ] 2022-03-15 23:22:30.274 [TestNG-test=test-1] LogManager - Click in dropdown filter
[INFO ] 2022-03-15 23:22:30.368 [TestNG-test=test-1] LogManager - Click in the search button
[INFO ] 2022-03-15 23:22:30.483 [TestNG-test=test-1] LogManager - waiting for the search button to be disabled
[INFO ] 2022-03-15 23:22:31.149 [TestNG-test=test-1] LogManager - Select a random movie
[INFO ] 2022-03-15 23:22:36.660 [TestNG-test=test-3] ProfilePage - Go to list Pages
[INFO ] 2022-03-15 23:22:37.338 [TestNG-test=test-3] UserListsPage - Verifying if the list is present .. 
[INFO ] 2022-03-15 23:22:37.800 [TestNG-test=test-3] ListDetailsPage - Click in a movie with the index 0 in the list of results
[INFO ] 2022-03-15 23:22:38.643 [TestNG-test=test-3] MovieDetailsPage - Correct verification of the movie tittle 'Spider-Man: No Way Home'
[INFO ] 2022-03-15 23:22:50.381 [TestNG-test=tests for edge-2] LandingPage - Load Movies page
[INFO ] 2022-03-15 23:22:54.499 [TestNG-test=tests for edge-2] LogManager - Click in sort dropdown button
[INFO ] 2022-03-15 23:22:54.706 [TestNG-test=tests for edge-2] LogManager - Select the sort type: Release Date Ascending
[INFO ] 2022-03-15 23:22:54.707 [TestNG-test=tests for edge-2] LogManager - Waiting for sort list
[INFO ] 2022-03-15 23:22:54.915 [TestNG-test=tests for edge-2] LogManager - Click in search button
[INFO ] 2022-03-15 23:22:55.143 [TestNG-test=tests for edge-2] LogManager - waiting for the filter to apply
[INFO ] 2022-03-15 23:22:55.450 [TestNG-test=tests for edge-4] MovieDetailsPage - selecting an actor of the top billed cast
[INFO ] 2022-03-15 23:22:55.767 [TestNG-test=tests for edge-2] LogManager - Checking the first 4 elements ...
[INFO ] 2022-03-15 23:22:55.917 [TestNG-test=tests for edge-2] LogManager - Checking the first 4 elements ...
[INFO ] 2022-03-15 23:22:56.076 [TestNG-test=tests for edge-2] LogManager - Checking the first 4 elements ...
[INFO ] 2022-03-15 23:22:56.187 [TestNG-test=tests for edge-2] LogManager - Checking the first 4 elements ...
[INFO ] 2022-03-15 23:22:56.331 [TestNG-test=tests for edge-2] LogManager - The sort type is correct
[INFO ] 2022-03-15 23:22:58.197 [TestNG-test=tests for edge-4] ActorPage - successful verify
[INFO ] 2022-03-15 23:23:02.872 [TestNG-test=tests for edge-1] LandingPage - Load Movies page
[INFO ] 2022-03-15 23:23:05.234 [TestNG-test=tests for edge-1] LogManager - Click in dropdown filter
[INFO ] 2022-03-15 23:23:05.418 [TestNG-test=tests for edge-1] LogManager - Click Action filter button
[INFO ] 2022-03-15 23:23:05.620 [TestNG-test=tests for edge-1] LogManager - Click in dropdown filter
[INFO ] 2022-03-15 23:23:05.747 [TestNG-test=tests for edge-1] LogManager - Click in the search button
[INFO ] 2022-03-15 23:23:05.862 [TestNG-test=tests for edge-1] LogManager - waiting for the search button to be disabled
[INFO ] 2022-03-15 23:23:05.924 [TestNG-test=tests for edge-3] ProfilePage - Go to list Pages
[INFO ] 2022-03-15 23:23:06.446 [TestNG-test=tests for edge-1] LogManager - Select a random movie
[INFO ] 2022-03-15 23:23:06.735 [TestNG-test=tests for edge-3] UserListsPage - Verifying if the list is present .. 
[INFO ] 2022-03-15 23:23:07.426 [TestNG-test=tests for edge-3] ListDetailsPage - Click in a movie with the index 0 in the list of results
[INFO ] 2022-03-15 23:23:07.637 [TestNG-test=tests for edge-1] MovieDetailsPage - successful verify
[INFO ] 2022-03-15 23:23:08.437 [TestNG-test=tests for edge-3] MovieDetailsPage - Correct verification of the movie tittle 'Spider-Man: No Way Home'
[INFO ] 2022-03-15 23:35:40.749 [TestNG-test=test-2] LogManager - Click in sort dropdown button
[INFO ] 2022-03-15 23:35:41.439 [TestNG-test=test-2] LogManager - Select the sort type: Release Date Ascending
[INFO ] 2022-03-15 23:35:41.440 [TestNG-test=test-2] LogManager - Waiting for sort list
[INFO ] 2022-03-15 23:35:41.954 [TestNG-test=test-2] LogManager - Click in search button
[INFO ] 2022-03-15 23:35:42.114 [TestNG-test=test-2] LogManager - waiting for the filter to apply
[INFO ] 2022-03-15 23:35:42.407 [TestNG-test=test-4] MovieDetailsPage - selecting an actor of the top billed cast
[INFO ] 2022-03-15 23:35:42.722 [TestNG-test=test-2] LogManager - Checking the first 4 elements ...
[INFO ] 2022-03-15 23:35:42.887 [TestNG-test=test-2] LogManager - Checking the first 4 elements ...
[INFO ] 2022-03-15 23:35:43.029 [TestNG-test=test-2] LogManager - Checking the first 4 elements ...
[INFO ] 2022-03-15 23:35:43.182 [TestNG-test=test-2] LogManager - Checking the first 4 elements ...
[INFO ] 2022-03-15 23:35:43.289 [TestNG-test=test-2] LogManager - The sort type is correct
[INFO ] 2022-03-15 23:35:45.365 [TestNG-test=test-4] ActorPage - successful verify
[INFO ] 2022-03-15 23:35:49.693 [TestNG-test=test-3] LandingPage - Load Movies page
[INFO ] 2022-03-15 23:35:51.991 [TestNG-test=test-3] LogManager - Click in dropdown filter
[INFO ] 2022-03-15 23:35:52.265 [TestNG-test=test-3] LogManager - Click Action filter button
[INFO ] 2022-03-15 23:35:52.435 [TestNG-test=test-3] LogManager - Click in dropdown filter
[INFO ] 2022-03-15 23:35:52.641 [TestNG-test=test-3] LogManager - Click in the search button
[INFO ] 2022-03-15 23:35:52.758 [TestNG-test=test-3] LogManager - waiting for the search button to be disabled
[INFO ] 2022-03-15 23:35:53.346 [TestNG-test=test-3] LogManager - Select a random movie
[INFO ] 2022-03-15 23:35:54.667 [TestNG-test=test-3] MovieDetailsPage - successful verify
[INFO ] 2022-03-15 23:35:57.934 [TestNG-test=test-1] ProfilePage - Go to list Pages
[INFO ] 2022-03-15 23:35:58.598 [TestNG-test=test-1] UserListsPage - Verifying if the list is present .. 
[INFO ] 2022-03-15 23:35:59.141 [TestNG-test=test-1] ListDetailsPage - Click in a movie with the index 0 in the list of results
[INFO ] 2022-03-15 23:36:00.057 [TestNG-test=test-1] MovieDetailsPage - Correct verification of the movie tittle 'Spider-Man: No Way Home'
[INFO ] 2022-03-15 23:36:14.040 [TestNG-test=tests for edge-2] LandingPage - Load Movies page
[INFO ] 2022-03-15 23:36:18.923 [TestNG-test=tests for edge-4] MovieDetailsPage - selecting an actor of the top billed cast
[INFO ] 2022-03-15 23:36:18.955 [TestNG-test=tests for edge-2] LogManager - Click in sort dropdown button
[INFO ] 2022-03-15 23:36:19.242 [TestNG-test=tests for edge-2] LogManager - Select the sort type: Release Date Ascending
[INFO ] 2022-03-15 23:36:19.243 [TestNG-test=tests for edge-2] LogManager - Waiting for sort list
[INFO ] 2022-03-15 23:36:19.470 [TestNG-test=tests for edge-2] LogManager - Click in search button
[INFO ] 2022-03-15 23:36:19.687 [TestNG-test=tests for edge-2] LogManager - waiting for the filter to apply
[INFO ] 2022-03-15 23:36:20.350 [TestNG-test=tests for edge-2] LogManager - Checking the first 4 elements ...
[INFO ] 2022-03-15 23:36:20.534 [TestNG-test=tests for edge-2] LogManager - Checking the first 4 elements ...
[INFO ] 2022-03-15 23:36:20.683 [TestNG-test=tests for edge-2] LogManager - Checking the first 4 elements ...
[INFO ] 2022-03-15 23:36:20.905 [TestNG-test=tests for edge-2] LogManager - Checking the first 4 elements ...
[INFO ] 2022-03-15 23:36:20.984 [TestNG-test=tests for edge-2] LogManager - The sort type is correct
[INFO ] 2022-03-15 23:36:24.996 [TestNG-test=tests for edge-4] ActorPage - successful verify
[INFO ] 2022-03-15 23:36:28.920 [TestNG-test=tests for edge-3] LandingPage - Load Movies page
[INFO ] 2022-03-15 23:36:30.771 [TestNG-test=tests for edge-1] ProfilePage - Go to list Pages
[INFO ] 2022-03-15 23:36:31.365 [TestNG-test=tests for edge-3] LogManager - Click in dropdown filter
[INFO ] 2022-03-15 23:36:31.546 [TestNG-test=tests for edge-3] LogManager - Click Action filter button
[INFO ] 2022-03-15 23:36:31.657 [TestNG-test=tests for edge-1] UserListsPage - Verifying if the list is present .. 
[INFO ] 2022-03-15 23:36:31.707 [TestNG-test=tests for edge-3] LogManager - Click in dropdown filter
[INFO ] 2022-03-15 23:36:31.844 [TestNG-test=tests for edge-3] LogManager - Click in the search button
[INFO ] 2022-03-15 23:36:31.914 [TestNG-test=tests for edge-3] LogManager - waiting for the search button to be disabled
[INFO ] 2022-03-15 23:36:32.182 [TestNG-test=tests for edge-1] ListDetailsPage - Click in a movie with the index 0 in the list of results
[INFO ] 2022-03-15 23:36:32.521 [TestNG-test=tests for edge-3] LogManager - Select a random movie
[INFO ] 2022-03-15 23:36:33.223 [TestNG-test=tests for edge-1] MovieDetailsPage - Correct verification of the movie tittle 'Spider-Man: No Way Home'
[INFO ] 2022-03-15 23:36:33.827 [TestNG-test=tests for edge-3] MovieDetailsPage - successful verify
